#
# There is insufficient memory for the Java Runtime Environment to continue.
# Native memory allocation (mmap) failed to map 89128960 bytes for G1 virtual space
# Possible reasons:
#   The system is out of physical RAM or swap space
#   The process is running with CompressedOops enabled, and the Java Heap may be blocking the growth of the native heap
# Possible solutions:
#   Reduce memory load on the system
#   Increase physical memory or swap space
#   Check if swap backing store is full
#   Decrease Java heap size (-Xmx/-Xms)
#   Decrease number of Java threads
#   Decrease Java thread stack sizes (-Xss)
#   Set larger code cache with -XX:ReservedCodeCacheSize=
#   JVM is running with Unscaled Compressed Oops mode in which the Java heap is
#     placed in the first 4GB address space. The Java Heap base address is the
#     maximum limit for the native heap growth. Please use -XX:HeapBaseMinAddress
#     to set the Java Heap base and to place the Java Heap above 4GB virtual address.
# This output file may be truncated or incomplete.
#
#  Out of Memory Error (os_windows.cpp:3600), pid=12212, tid=7564
#
# JRE version: Java(TM) SE Runtime Environment (21.0.5+9) (build 21.0.5+9-LTS-239)
# Java VM: Java HotSpot(TM) 64-Bit Server VM (21.0.5+9-LTS-239, mixed mode, sharing, tiered, compressed oops, compressed class ptrs, g1 gc, windows-amd64)
# No core dump will be written. Minidumps are not enabled by default on client versions of Windows
#

---------------  S U M M A R Y ------------

Command Line: --enable-preview -javaagent:D:\CDisk\IntelliJ IDEA Community Edition 2024.2.3\lib\idea_rt.jar=57832 -Dfile.encoding=UTF-8 -Dsun.stdout.encoding=UTF-8 -Dsun.stderr.encoding=UTF-8 farmix.com.chatApp.ChatAppApplication

Host: Intel(R) Core(TM) i3-1005G1 CPU @ 1.20GHz, 4 cores, 3G,  Windows 11 , 64 bit Build 26100 (10.0.26100.4768)
Time: Sun Sep  7 12:06:33 2025 West Asia Standard Time elapsed time: 12796.236469 seconds (0d 3h 33m 16s)

---------------  T H R E A D  ---------------

Current thread (0x00000231f671e120):  VMThread "VM Thread"          [id=7564, stack(0x0000005600600000,0x0000005600700000) (1024K)]

Stack: [0x0000005600600000,0x0000005600700000]
Native frames: (J=compiled Java code, j=interpreted, Vv=VM code, C=native code)
V  [jvm.dll+0x6ca289]
V  [jvm.dll+0x854a51]
V  [jvm.dll+0x856f7e]
V  [jvm.dll+0x857653]
V  [jvm.dll+0x27dd26]
V  [jvm.dll+0x6c6a25]
V  [jvm.dll+0x6bb5aa]
V  [jvm.dll+0x35359a]
V  [jvm.dll+0x35b1f6]
V  [jvm.dll+0x3adade]
V  [jvm.dll+0x3add88]
V  [jvm.dll+0x3278fc]
V  [jvm.dll+0x327987]
V  [jvm.dll+0x36c26c]
V  [jvm.dll+0x36aabe]
V  [jvm.dll+0x3270c1]
V  [jvm.dll+0x36a1da]
V  [jvm.dll+0x85d420]
V  [jvm.dll+0x85e7a4]
V  [jvm.dll+0x85ece0]
V  [jvm.dll+0x85ef83]
V  [jvm.dll+0x7fee9b]
V  [jvm.dll+0x6c896d]
C  [ucrtbase.dll+0x37b0]
C  [KERNEL32.DLL+0x2e8d7]
C  [ntdll.dll+0x3c34c]

VM_Operation (0x0000005602afecc0): G1CollectForAllocation, mode: safepoint, requested by thread 0x00000231d8cab9d0


---------------  P R O C E S S  ---------------

Threads class SMR info:
_java_thread_list=0x00000231dbb95ae0, length=36, elements={
0x0000023192ebd140, 0x0000023192ebeba0, 0x0000023192ec47b0, 0x0000023192ec5630,
0x0000023192ec9160, 0x0000023192ec97f0, 0x0000023192ed7680, 0x0000023192ee6120,
0x0000023192ec8440, 0x0000023192ec9e80, 0x0000023192eca510, 0x0000023192ec7720,
0x0000023192ec7db0, 0x00000231d8eed360, 0x00000231d8ef0150, 0x00000231d8ef07e0,
0x00000231d8eee080, 0x00000231d8eee710, 0x00000231d8eeeda0, 0x00000231d8eef430,
0x0000023192ec8ad0, 0x00000231d8ca5df0, 0x00000231d8ca6480, 0x00000231d8ca6b10,
0x00000231d8ca71a0, 0x00000231d8ca7830, 0x00000231d8ca5760, 0x00000231d8ca7ec0,
0x00000231d8ca50d0, 0x00000231d8cab340, 0x00000231d8cab9d0, 0x00000231d8ca9900,
0x00000231d8caacb0, 0x00000231d8ca9f90, 0x00000231d8ca9270, 0x00000231d8caa620
}

Java Threads: ( => current thread )
  0x0000023192ebd140 JavaThread "Reference Handler"          daemon [_thread_blocked, id=6544, stack(0x0000005600700000,0x0000005600800000) (1024K)]
  0x0000023192ebeba0 JavaThread "Finalizer"                  daemon [_thread_blocked, id=6336, stack(0x0000005600800000,0x0000005600900000) (1024K)]
  0x0000023192ec47b0 JavaThread "Signal Dispatcher"          daemon [_thread_blocked, id=4884, stack(0x0000005600900000,0x0000005600a00000) (1024K)]
  0x0000023192ec5630 JavaThread "Attach Listener"            daemon [_thread_blocked, id=8548, stack(0x0000005600a00000,0x0000005600b00000) (1024K)]
  0x0000023192ec9160 JavaThread "Service Thread"             daemon [_thread_blocked, id=6396, stack(0x0000005600b00000,0x0000005600c00000) (1024K)]
  0x0000023192ec97f0 JavaThread "Monitor Deflation Thread"   daemon [_thread_blocked, id=12004, stack(0x0000005600c00000,0x0000005600d00000) (1024K)]
  0x0000023192ed7680 JavaThread "C2 CompilerThread0"         daemon [_thread_blocked, id=15640, stack(0x0000005600d00000,0x0000005600e00000) (1024K)]
  0x0000023192ee6120 JavaThread "C1 CompilerThread0"         daemon [_thread_blocked, id=9716, stack(0x0000005600e00000,0x0000005600f00000) (1024K)]
  0x0000023192ec8440 JavaThread "Common-Cleaner"             daemon [_thread_blocked, id=3116, stack(0x0000005600f00000,0x0000005601000000) (1024K)]
  0x0000023192ec9e80 JavaThread "Monitor Ctrl-Break"         daemon [_thread_in_native, id=7360, stack(0x0000005601000000,0x0000005601100000) (1024K)]
  0x0000023192eca510 JavaThread "Notification Thread"        daemon [_thread_blocked, id=6084, stack(0x0000005601100000,0x0000005601200000) (1024K)]
  0x0000023192ec7720 JavaThread "mysql-cj-abandoned-connection-cleanup" daemon [_thread_blocked, id=16972, stack(0x0000005601600000,0x0000005601700000) (1024K)]
  0x0000023192ec7db0 JavaThread "HikariPool-1:housekeeper"   daemon [_thread_blocked, id=15136, stack(0x0000005601700000,0x0000005601800000) (1024K)]
  0x00000231d8eed360 JavaThread "Catalina-utility-1"                [_thread_blocked, id=9268, stack(0x0000005601a00000,0x0000005601b00000) (1024K)]
  0x00000231d8ef0150 JavaThread "Catalina-utility-2"                [_thread_blocked, id=3008, stack(0x0000005601b00000,0x0000005601c00000) (1024K)]
  0x00000231d8ef07e0 JavaThread "container-0"                       [_thread_blocked, id=12460, stack(0x0000005601c00000,0x0000005601d00000) (1024K)]
  0x00000231d8eee080 JavaThread "MessageBroker-1"                   [_thread_blocked, id=9704, stack(0x0000005601900000,0x0000005601a00000) (1024K)]
  0x00000231d8eee710 JavaThread "http-nio-8080-exec-1"       daemon [_thread_blocked, id=13384, stack(0x0000005601800000,0x0000005601900000) (1024K)]
  0x00000231d8eeeda0 JavaThread "http-nio-8080-exec-2"       daemon [_thread_blocked, id=6736, stack(0x0000005601d00000,0x0000005601e00000) (1024K)]
  0x00000231d8eef430 JavaThread "http-nio-8080-exec-3"       daemon [_thread_blocked, id=17404, stack(0x0000005601e00000,0x0000005601f00000) (1024K)]
  0x0000023192ec8ad0 JavaThread "http-nio-8080-exec-4"       daemon [_thread_blocked, id=7752, stack(0x0000005601f00000,0x0000005602000000) (1024K)]
  0x00000231d8ca5df0 JavaThread "http-nio-8080-exec-5"       daemon [_thread_blocked, id=12600, stack(0x0000005602000000,0x0000005602100000) (1024K)]
  0x00000231d8ca6480 JavaThread "http-nio-8080-exec-6"       daemon [_thread_blocked, id=11896, stack(0x0000005602100000,0x0000005602200000) (1024K)]
  0x00000231d8ca6b10 JavaThread "http-nio-8080-exec-7"       daemon [_thread_blocked, id=13068, stack(0x0000005602200000,0x0000005602300000) (1024K)]
  0x00000231d8ca71a0 JavaThread "http-nio-8080-exec-8"       daemon [_thread_blocked, id=12396, stack(0x0000005602300000,0x0000005602400000) (1024K)]
  0x00000231d8ca7830 JavaThread "http-nio-8080-exec-9"       daemon [_thread_blocked, id=1700, stack(0x0000005602400000,0x0000005602500000) (1024K)]
  0x00000231d8ca5760 JavaThread "http-nio-8080-exec-10"      daemon [_thread_blocked, id=16612, stack(0x0000005602500000,0x0000005602600000) (1024K)]
  0x00000231d8ca7ec0 JavaThread "http-nio-8080-Poller"       daemon [_thread_blocked, id=15240, stack(0x0000005602600000,0x0000005602700000) (1024K)]
  0x00000231d8ca50d0 JavaThread "http-nio-8080-Acceptor"     daemon [_thread_in_native, id=17216, stack(0x0000005602700000,0x0000005602800000) (1024K)]
  0x00000231d8cab340 JavaThread "ThreadPoolTaskScheduler-1"         [_thread_blocked, id=14940, stack(0x0000005602900000,0x0000005602a00000) (1024K)]
  0x00000231d8cab9d0 JavaThread "org.springframework.kafka.KafkaListenerEndpointContainer#0-0-C-1"        [_thread_blocked, id=14128, stack(0x0000005602a00000,0x0000005602b00000) (1024K)]
  0x00000231d8ca9900 JavaThread "DestroyJavaVM"                     [_thread_blocked, id=15244, stack(0x000000567ff00000,0x0000005680000000) (1024K)]
  0x00000231d8caacb0 JavaThread "kafka-coordinator-heartbeat-thread | chat-group" daemon [_thread_blocked, id=10164, stack(0x0000005602b00000,0x0000005602c00000) (1024K)]
  0x00000231d8ca9f90 JavaThread "MessageBroker-2"                   [_thread_blocked, id=14012, stack(0x0000005602d00000,0x0000005602e00000) (1024K)]
  0x00000231d8ca9270 JavaThread "MessageBroker-3"                   [_thread_blocked, id=3412, stack(0x0000005601500000,0x0000005601600000) (1024K)]
  0x00000231d8caa620 JavaThread "MessageBroker-4"                   [_thread_blocked, id=17308, stack(0x0000005602800000,0x0000005602900000) (1024K)]
Total: 36

Other Threads:
=>0x00000231f671e120 VMThread "VM Thread"                           [id=7564, stack(0x0000005600600000,0x0000005600700000) (1024K)]
  0x0000023192e9c3a0 WatcherThread "VM Periodic Task Thread"        [id=10268, stack(0x0000005600500000,0x0000005600600000) (1024K)]
  0x00000231f6698290 WorkerThread "GC Thread#0"                     [id=10272, stack(0x0000005600000000,0x0000005600100000) (1024K)]
  0x00000231d8962250 WorkerThread "GC Thread#1"                     [id=7288, stack(0x0000005601200000,0x0000005601300000) (1024K)]
  0x00000231d888c770 WorkerThread "GC Thread#2"                     [id=11160, stack(0x0000005601300000,0x0000005601400000) (1024K)]
  0x00000231d8975600 WorkerThread "GC Thread#3"                     [id=12940, stack(0x0000005601400000,0x0000005601500000) (1024K)]
  0x00000231f66a0bf0 ConcurrentGCThread "G1 Main Marker"            [id=15856, stack(0x0000005600100000,0x0000005600200000) (1024K)]
  0x00000231f66a2570 WorkerThread "G1 Conc#0"                       [id=11036, stack(0x0000005600200000,0x0000005600300000) (1024K)]
  0x00000231f6704640 ConcurrentGCThread "G1 Refine#0"               [id=4124, stack(0x0000005600300000,0x0000005600400000) (1024K)]
  0x00000231f6706060 ConcurrentGCThread "G1 Service"                [id=15268, stack(0x0000005600400000,0x0000005600500000) (1024K)]
Total: 10

Threads with active compile tasks:
Total: 0

VM state: at safepoint (normal execution)

VM Mutex/Monitor currently owned by a thread:  ([mutex/lock_event])
[0x00007ffe5d96be98] Threads_lock - owner thread: 0x00000231f671e120
[0x00007ffe5d96bf98] Heap_lock - owner thread: 0x00000231d8cab9d0

Heap address: 0x00000000c3400000, size: 972 MB, Compressed Oops mode: 32-bit

CDS archive(s) mapped at: [0x0000023193000000-0x0000023193c90000-0x0000023193c90000), size 13172736, SharedBaseAddress: 0x0000023193000000, ArchiveRelocationMode: 1.
Compressed class space mapped at: 0x0000023194000000-0x00000231d4000000, reserved size: 1073741824
Narrow klass base: 0x0000023193000000, Narrow klass shift: 0, Narrow klass range: 0x100000000

GC Precious Log:
 CardTable entry size: 512
 Card Set container configuration: InlinePtr #cards 5 size 8 Array Of Cards #cards 12 size 40 Howl #buckets 4 coarsen threshold 1843 Howl Bitmap #cards 512 size 80 coarsen threshold 460 Card regions per heap region 1 cards per card region 2048
 CPUs: 4 total, 4 available
 Memory: 3885M
 Large Page Support: Disabled
 NUMA Support: Disabled
 Compressed Oops: Enabled (32-bit)
 Heap Region Size: 1M
 Heap Min Capacity: 8M
 Heap Initial Capacity: 62M
 Heap Max Capacity: 972M
 Pre-touch: Disabled
 Parallel Workers: 4
 Concurrent Workers: 1
 Concurrent Refinement Workers: 4
 Periodic GC: Disabled

Heap:
 garbage-first heap   total 143360K, used 38058K [0x00000000c3400000, 0x0000000100000000)
  region size 1024K, 1 young (1024K), 1 survivors (1024K)
 Metaspace       used 98436K, committed 99328K, reserved 1179648K
  class space    used 12734K, committed 13184K, reserved 1048576K

Heap Regions: E=young(eden), S=young(survivor), O=old, HS=humongous(starts), HC=humongous(continues), CS=collection set, F=free, TAMS=top-at-mark-start, PB=parsable bottom
|   0|0x00000000c3400000, 0x00000000c3500000, 0x00000000c3500000|100%|HS|  |TAMS 0x00000000c3400000| PB 0x00000000c3400000| Complete 
|   1|0x00000000c3500000, 0x00000000c3600000, 0x00000000c3600000|100%|HS|  |TAMS 0x00000000c3500000| PB 0x00000000c3500000| Complete 
|   2|0x00000000c3600000, 0x00000000c3700000, 0x00000000c3700000|100%| O|  |TAMS 0x00000000c3600000| PB 0x00000000c3600000| Untracked 
|   3|0x00000000c3700000, 0x00000000c3800000, 0x00000000c3800000|100%| O|  |TAMS 0x00000000c3700000| PB 0x00000000c3700000| Untracked 
|   4|0x00000000c3800000, 0x00000000c3900000, 0x00000000c3900000|100%| O|  |TAMS 0x00000000c3800000| PB 0x00000000c3800000| Untracked 
|   5|0x00000000c3900000, 0x00000000c3a00000, 0x00000000c3a00000|100%| O|  |TAMS 0x00000000c3900000| PB 0x00000000c3900000| Untracked 
|   6|0x00000000c3a00000, 0x00000000c3b00000, 0x00000000c3b00000|100%| O|  |TAMS 0x00000000c3a00000| PB 0x00000000c3a00000| Untracked 
|   7|0x00000000c3b00000, 0x00000000c3c00000, 0x00000000c3c00000|100%| O|  |TAMS 0x00000000c3b00000| PB 0x00000000c3b00000| Untracked 
|   8|0x00000000c3c00000, 0x00000000c3c00000, 0x00000000c3d00000|  0%| F|  |TAMS 0x00000000c3c00000| PB 0x00000000c3c00000| Untracked 
|   9|0x00000000c3d00000, 0x00000000c3e00000, 0x00000000c3e00000|100%| O|  |TAMS 0x00000000c3d00000| PB 0x00000000c3d00000| Untracked 
|  10|0x00000000c3e00000, 0x00000000c3f00000, 0x00000000c3f00000|100%| O|  |TAMS 0x00000000c3e00000| PB 0x00000000c3e00000| Untracked 
|  11|0x00000000c3f00000, 0x00000000c4000000, 0x00000000c4000000|100%| O|  |TAMS 0x00000000c3f00000| PB 0x00000000c3f00000| Untracked 
|  12|0x00000000c4000000, 0x00000000c4100000, 0x00000000c4100000|100%| O|  |TAMS 0x00000000c4000000| PB 0x00000000c4000000| Untracked 
|  13|0x00000000c4100000, 0x00000000c4200000, 0x00000000c4200000|100%| O|  |TAMS 0x00000000c4100000| PB 0x00000000c4100000| Untracked 
|  14|0x00000000c4200000, 0x00000000c4300000, 0x00000000c4300000|100%| O|  |TAMS 0x00000000c4200000| PB 0x00000000c4200000| Untracked 
|  15|0x00000000c4300000, 0x00000000c4400000, 0x00000000c4400000|100%| O|  |TAMS 0x00000000c4300000| PB 0x00000000c4300000| Untracked 
|  16|0x00000000c4400000, 0x00000000c4500000, 0x00000000c4500000|100%| O|  |TAMS 0x00000000c4400000| PB 0x00000000c4400000| Untracked 
|  17|0x00000000c4500000, 0x00000000c4600000, 0x00000000c4600000|100%| O|  |TAMS 0x00000000c4500000| PB 0x00000000c4500000| Untracked 
|  18|0x00000000c4600000, 0x00000000c4700000, 0x00000000c4700000|100%| O|  |TAMS 0x00000000c4600000| PB 0x00000000c4600000| Untracked 
|  19|0x00000000c4700000, 0x00000000c4800000, 0x00000000c4800000|100%| O|  |TAMS 0x00000000c4700000| PB 0x00000000c4700000| Untracked 
|  20|0x00000000c4800000, 0x00000000c4900000, 0x00000000c4900000|100%| O|  |TAMS 0x00000000c4800000| PB 0x00000000c4800000| Untracked 
|  21|0x00000000c4900000, 0x00000000c4a00000, 0x00000000c4a00000|100%| O|  |TAMS 0x00000000c4900000| PB 0x00000000c4900000| Untracked 
|  22|0x00000000c4a00000, 0x00000000c4af7798, 0x00000000c4b00000| 96%| O|  |TAMS 0x00000000c4a00000| PB 0x00000000c4a00000| Untracked 
|  23|0x00000000c4b00000, 0x00000000c4bf1190, 0x00000000c4c00000| 94%| O|  |TAMS 0x00000000c4b00000| PB 0x00000000c4b00000| Untracked 
|  24|0x00000000c4c00000, 0x00000000c4d00000, 0x00000000c4d00000|100%| O|  |TAMS 0x00000000c4c00000| PB 0x00000000c4c00000| Untracked 
|  25|0x00000000c4d00000, 0x00000000c4e00000, 0x00000000c4e00000|100%| O|  |TAMS 0x00000000c4d00000| PB 0x00000000c4d00000| Untracked 
|  26|0x00000000c4e00000, 0x00000000c4f00000, 0x00000000c4f00000|100%| O|  |TAMS 0x00000000c4e00000| PB 0x00000000c4e00000| Untracked 
|  27|0x00000000c4f00000, 0x00000000c5000000, 0x00000000c5000000|100%| O|Cm|TAMS 0x00000000c4f00000| PB 0x00000000c4f00000| Complete 
|  28|0x00000000c5000000, 0x00000000c5100000, 0x00000000c5100000|100%| O|  |TAMS 0x00000000c5000000| PB 0x00000000c5000000| Untracked 
|  29|0x00000000c5100000, 0x00000000c5200000, 0x00000000c5200000|100%| O|  |TAMS 0x00000000c5100000| PB 0x00000000c5100000| Untracked 
|  30|0x00000000c5200000, 0x00000000c5300000, 0x00000000c5300000|100%| O|  |TAMS 0x00000000c5200000| PB 0x00000000c5200000| Untracked 
|  31|0x00000000c5300000, 0x00000000c5400000, 0x00000000c5400000|100%| O|  |TAMS 0x00000000c5300000| PB 0x00000000c5300000| Untracked 
|  32|0x00000000c5400000, 0x00000000c5500000, 0x00000000c5500000|100%| O|  |TAMS 0x00000000c5400000| PB 0x00000000c5400000| Untracked 
|  33|0x00000000c5500000, 0x00000000c5600000, 0x00000000c5600000|100%| O|  |TAMS 0x00000000c5500000| PB 0x00000000c5500000| Untracked 
|  34|0x00000000c5600000, 0x00000000c5600000, 0x00000000c5700000|  0%| F|  |TAMS 0x00000000c5600000| PB 0x00000000c5600000| Untracked 
|  35|0x00000000c5700000, 0x00000000c5800000, 0x00000000c5800000|100%| O|  |TAMS 0x00000000c5700000| PB 0x00000000c5700000| Untracked 
|  36|0x00000000c5800000, 0x00000000c5900000, 0x00000000c5900000|100%| O|  |TAMS 0x00000000c5800000| PB 0x00000000c5800000| Untracked 
|  37|0x00000000c5900000, 0x00000000c5a00000, 0x00000000c5a00000|100%| O|  |TAMS 0x00000000c5900000| PB 0x00000000c5900000| Untracked 
|  38|0x00000000c5a00000, 0x00000000c5a00000, 0x00000000c5b00000|  0%| F|  |TAMS 0x00000000c5a00000| PB 0x00000000c5a00000| Untracked 
|  39|0x00000000c5b00000, 0x00000000c5c00000, 0x00000000c5c00000|100%| O|  |TAMS 0x00000000c5b00000| PB 0x00000000c5b00000| Untracked 
|  40|0x00000000c5c00000, 0x00000000c5c00000, 0x00000000c5d00000|  0%| F|  |TAMS 0x00000000c5c00000| PB 0x00000000c5c00000| Untracked 
|  41|0x00000000c5d00000, 0x00000000c5d00000, 0x00000000c5e00000|  0%| F|  |TAMS 0x00000000c5d00000| PB 0x00000000c5d00000| Untracked 
|  42|0x00000000c5e00000, 0x00000000c5e00000, 0x00000000c5f00000|  0%| F|  |TAMS 0x00000000c5e00000| PB 0x00000000c5e00000| Untracked 
|  43|0x00000000c5f00000, 0x00000000c5f00000, 0x00000000c6000000|  0%| F|  |TAMS 0x00000000c5f00000| PB 0x00000000c5f00000| Untracked 
|  44|0x00000000c6000000, 0x00000000c6000000, 0x00000000c6100000|  0%| F|  |TAMS 0x00000000c6000000| PB 0x00000000c6000000| Untracked 
|  45|0x00000000c6100000, 0x00000000c6100000, 0x00000000c6200000|  0%| F|  |TAMS 0x00000000c6100000| PB 0x00000000c6100000| Untracked 
|  46|0x00000000c6200000, 0x00000000c6200000, 0x00000000c6300000|  0%| F|  |TAMS 0x00000000c6200000| PB 0x00000000c6200000| Untracked 
|  47|0x00000000c6300000, 0x00000000c6300000, 0x00000000c6400000|  0%| F|  |TAMS 0x00000000c6300000| PB 0x00000000c6300000| Untracked 
|  48|0x00000000c6400000, 0x00000000c6400000, 0x00000000c6500000|  0%| F|  |TAMS 0x00000000c6400000| PB 0x00000000c6400000| Untracked 
|  49|0x00000000c6500000, 0x00000000c6500000, 0x00000000c6600000|  0%| F|  |TAMS 0x00000000c6500000| PB 0x00000000c6500000| Untracked 
|  50|0x00000000c6600000, 0x00000000c6600000, 0x00000000c6700000|  0%| F|  |TAMS 0x00000000c6600000| PB 0x00000000c6600000| Untracked 
|  51|0x00000000c6700000, 0x00000000c6700000, 0x00000000c6800000|  0%| F|  |TAMS 0x00000000c6700000| PB 0x00000000c6700000| Untracked 
|  52|0x00000000c6800000, 0x00000000c6800000, 0x00000000c6900000|  0%| F|  |TAMS 0x00000000c6800000| PB 0x00000000c6800000| Untracked 
|  53|0x00000000c6900000, 0x00000000c6900000, 0x00000000c6a00000|  0%| F|  |TAMS 0x00000000c6900000| PB 0x00000000c6900000| Untracked 
|  54|0x00000000c6a00000, 0x00000000c6a00000, 0x00000000c6b00000|  0%| F|  |TAMS 0x00000000c6a00000| PB 0x00000000c6a00000| Untracked 
|  55|0x00000000c6b00000, 0x00000000c6b00000, 0x00000000c6c00000|  0%| F|  |TAMS 0x00000000c6b00000| PB 0x00000000c6b00000| Untracked 
|  56|0x00000000c6c00000, 0x00000000c6c00000, 0x00000000c6d00000|  0%| F|  |TAMS 0x00000000c6c00000| PB 0x00000000c6c00000| Untracked 
|  57|0x00000000c6d00000, 0x00000000c6d00000, 0x00000000c6e00000|  0%| F|  |TAMS 0x00000000c6d00000| PB 0x00000000c6d00000| Untracked 
|  58|0x00000000c6e00000, 0x00000000c6e00000, 0x00000000c6f00000|  0%| F|  |TAMS 0x00000000c6e00000| PB 0x00000000c6e00000| Untracked 
|  59|0x00000000c6f00000, 0x00000000c6f00000, 0x00000000c7000000|  0%| F|  |TAMS 0x00000000c6f00000| PB 0x00000000c6f00000| Untracked 
|  60|0x00000000c7000000, 0x00000000c7000000, 0x00000000c7100000|  0%| F|  |TAMS 0x00000000c7000000| PB 0x00000000c7000000| Untracked 
|  61|0x00000000c7100000, 0x00000000c7100000, 0x00000000c7200000|  0%| F|  |TAMS 0x00000000c7100000| PB 0x00000000c7100000| Untracked 
|  62|0x00000000c7200000, 0x00000000c7200000, 0x00000000c7300000|  0%| F|  |TAMS 0x00000000c7200000| PB 0x00000000c7200000| Untracked 
|  63|0x00000000c7300000, 0x00000000c7300000, 0x00000000c7400000|  0%| F|  |TAMS 0x00000000c7300000| PB 0x00000000c7300000| Untracked 
|  64|0x00000000c7400000, 0x00000000c7400000, 0x00000000c7500000|  0%| F|  |TAMS 0x00000000c7400000| PB 0x00000000c7400000| Untracked 
|  65|0x00000000c7500000, 0x00000000c7500000, 0x00000000c7600000|  0%| F|  |TAMS 0x00000000c7500000| PB 0x00000000c7500000| Untracked 
|  66|0x00000000c7600000, 0x00000000c7600000, 0x00000000c7700000|  0%| F|  |TAMS 0x00000000c7600000| PB 0x00000000c7600000| Untracked 
|  67|0x00000000c7700000, 0x00000000c7700000, 0x00000000c7800000|  0%| F|  |TAMS 0x00000000c7700000| PB 0x00000000c7700000| Untracked 
|  68|0x00000000c7800000, 0x00000000c7800000, 0x00000000c7900000|  0%| F|  |TAMS 0x00000000c7800000| PB 0x00000000c7800000| Untracked 
|  69|0x00000000c7900000, 0x00000000c7900000, 0x00000000c7a00000|  0%| F|  |TAMS 0x00000000c7900000| PB 0x00000000c7900000| Untracked 
|  70|0x00000000c7a00000, 0x00000000c7a00000, 0x00000000c7b00000|  0%| F|  |TAMS 0x00000000c7a00000| PB 0x00000000c7a00000| Untracked 
|  71|0x00000000c7b00000, 0x00000000c7b00000, 0x00000000c7c00000|  0%| F|  |TAMS 0x00000000c7b00000| PB 0x00000000c7b00000| Untracked 
|  72|0x00000000c7c00000, 0x00000000c7c00000, 0x00000000c7d00000|  0%| F|  |TAMS 0x00000000c7c00000| PB 0x00000000c7c00000| Untracked 
|  73|0x00000000c7d00000, 0x00000000c7d00000, 0x00000000c7e00000|  0%| F|  |TAMS 0x00000000c7d00000| PB 0x00000000c7d00000| Untracked 
|  74|0x00000000c7e00000, 0x00000000c7e00000, 0x00000000c7f00000|  0%| F|  |TAMS 0x00000000c7e00000| PB 0x00000000c7e00000| Untracked 
|  75|0x00000000c7f00000, 0x00000000c7f00000, 0x00000000c8000000|  0%| F|  |TAMS 0x00000000c7f00000| PB 0x00000000c7f00000| Untracked 
|  76|0x00000000c8000000, 0x00000000c8000000, 0x00000000c8100000|  0%| F|  |TAMS 0x00000000c8000000| PB 0x00000000c8000000| Untracked 
|  77|0x00000000c8100000, 0x00000000c8100000, 0x00000000c8200000|  0%| F|  |TAMS 0x00000000c8100000| PB 0x00000000c8100000| Untracked 
|  78|0x00000000c8200000, 0x00000000c8200000, 0x00000000c8300000|  0%| F|  |TAMS 0x00000000c8200000| PB 0x00000000c8200000| Untracked 
|  79|0x00000000c8300000, 0x00000000c8300000, 0x00000000c8400000|  0%| F|  |TAMS 0x00000000c8300000| PB 0x00000000c8300000| Untracked 
|  80|0x00000000c8400000, 0x00000000c8400000, 0x00000000c8500000|  0%| F|  |TAMS 0x00000000c8400000| PB 0x00000000c8400000| Untracked 
|  81|0x00000000c8500000, 0x00000000c8500000, 0x00000000c8600000|  0%| F|  |TAMS 0x00000000c8500000| PB 0x00000000c8500000| Untracked 
|  82|0x00000000c8600000, 0x00000000c8600000, 0x00000000c8700000|  0%| F|  |TAMS 0x00000000c8600000| PB 0x00000000c8600000| Untracked 
|  83|0x00000000c8700000, 0x00000000c8700000, 0x00000000c8800000|  0%| F|  |TAMS 0x00000000c8700000| PB 0x00000000c8700000| Untracked 
|  84|0x00000000c8800000, 0x00000000c8800000, 0x00000000c8900000|  0%| F|  |TAMS 0x00000000c8800000| PB 0x00000000c8800000| Untracked 
|  85|0x00000000c8900000, 0x00000000c8900000, 0x00000000c8a00000|  0%| F|  |TAMS 0x00000000c8900000| PB 0x00000000c8900000| Untracked 
|  86|0x00000000c8a00000, 0x00000000c8a00000, 0x00000000c8b00000|  0%| F|  |TAMS 0x00000000c8a00000| PB 0x00000000c8a00000| Untracked 
|  87|0x00000000c8b00000, 0x00000000c8b00000, 0x00000000c8c00000|  0%| F|  |TAMS 0x00000000c8b00000| PB 0x00000000c8b00000| Untracked 
|  88|0x00000000c8c00000, 0x00000000c8c00000, 0x00000000c8d00000|  0%| F|  |TAMS 0x00000000c8c00000| PB 0x00000000c8c00000| Untracked 
|  89|0x00000000c8d00000, 0x00000000c8d00000, 0x00000000c8e00000|  0%| F|  |TAMS 0x00000000c8d00000| PB 0x00000000c8d00000| Untracked 
|  90|0x00000000c8e00000, 0x00000000c8e00000, 0x00000000c8f00000|  0%| F|  |TAMS 0x00000000c8e00000| PB 0x00000000c8e00000| Untracked 
|  91|0x00000000c8f00000, 0x00000000c8f00000, 0x00000000c9000000|  0%| F|  |TAMS 0x00000000c8f00000| PB 0x00000000c8f00000| Untracked 
|  92|0x00000000c9000000, 0x00000000c9000000, 0x00000000c9100000|  0%| F|  |TAMS 0x00000000c9000000| PB 0x00000000c9000000| Untracked 
|  93|0x00000000c9100000, 0x00000000c9100000, 0x00000000c9200000|  0%| F|  |TAMS 0x00000000c9100000| PB 0x00000000c9100000| Untracked 
|  94|0x00000000c9200000, 0x00000000c9200000, 0x00000000c9300000|  0%| F|  |TAMS 0x00000000c9200000| PB 0x00000000c9200000| Untracked 
|  95|0x00000000c9300000, 0x00000000c9300000, 0x00000000c9400000|  0%| F|  |TAMS 0x00000000c9300000| PB 0x00000000c9300000| Untracked 
|  96|0x00000000c9400000, 0x00000000c9400000, 0x00000000c9500000|  0%| F|  |TAMS 0x00000000c9400000| PB 0x00000000c9400000| Untracked 
|  97|0x00000000c9500000, 0x00000000c9500000, 0x00000000c9600000|  0%| F|  |TAMS 0x00000000c9500000| PB 0x00000000c9500000| Untracked 
|  98|0x00000000c9600000, 0x00000000c9600000, 0x00000000c9700000|  0%| F|  |TAMS 0x00000000c9600000| PB 0x00000000c9600000| Untracked 
|  99|0x00000000c9700000, 0x00000000c9700000, 0x00000000c9800000|  0%| F|  |TAMS 0x00000000c9700000| PB 0x00000000c9700000| Untracked 
| 100|0x00000000c9800000, 0x00000000c9800000, 0x00000000c9900000|  0%| F|  |TAMS 0x00000000c9800000| PB 0x00000000c9800000| Untracked 
| 101|0x00000000c9900000, 0x00000000c9900000, 0x00000000c9a00000|  0%| F|  |TAMS 0x00000000c9900000| PB 0x00000000c9900000| Untracked 
| 102|0x00000000c9a00000, 0x00000000c9a00000, 0x00000000c9b00000|  0%| F|  |TAMS 0x00000000c9a00000| PB 0x00000000c9a00000| Untracked 
| 103|0x00000000c9b00000, 0x00000000c9b00000, 0x00000000c9c00000|  0%| F|  |TAMS 0x00000000c9b00000| PB 0x00000000c9b00000| Untracked 
| 104|0x00000000c9c00000, 0x00000000c9c00000, 0x00000000c9d00000|  0%| F|  |TAMS 0x00000000c9c00000| PB 0x00000000c9c00000| Untracked 
| 105|0x00000000c9d00000, 0x00000000c9d00000, 0x00000000c9e00000|  0%| F|  |TAMS 0x00000000c9d00000| PB 0x00000000c9d00000| Untracked 
| 106|0x00000000c9e00000, 0x00000000c9e00000, 0x00000000c9f00000|  0%| F|  |TAMS 0x00000000c9e00000| PB 0x00000000c9e00000| Untracked 
| 107|0x00000000c9f00000, 0x00000000c9f00000, 0x00000000ca000000|  0%| F|  |TAMS 0x00000000c9f00000| PB 0x00000000c9f00000| Untracked 
| 108|0x00000000ca000000, 0x00000000ca000000, 0x00000000ca100000|  0%| F|  |TAMS 0x00000000ca000000| PB 0x00000000ca000000| Untracked 
| 109|0x00000000ca100000, 0x00000000ca100000, 0x00000000ca200000|  0%| F|  |TAMS 0x00000000ca100000| PB 0x00000000ca100000| Untracked 
| 110|0x00000000ca200000, 0x00000000ca200000, 0x00000000ca300000|  0%| F|  |TAMS 0x00000000ca200000| PB 0x00000000ca200000| Untracked 
| 111|0x00000000ca300000, 0x00000000ca300000, 0x00000000ca400000|  0%| F|  |TAMS 0x00000000ca300000| PB 0x00000000ca300000| Untracked 
| 112|0x00000000ca400000, 0x00000000ca400000, 0x00000000ca500000|  0%| F|  |TAMS 0x00000000ca400000| PB 0x00000000ca400000| Untracked 
| 113|0x00000000ca500000, 0x00000000ca500000, 0x00000000ca600000|  0%| F|  |TAMS 0x00000000ca500000| PB 0x00000000ca500000| Untracked 
| 114|0x00000000ca600000, 0x00000000ca600000, 0x00000000ca700000|  0%| F|  |TAMS 0x00000000ca600000| PB 0x00000000ca600000| Untracked 
| 115|0x00000000ca700000, 0x00000000ca700000, 0x00000000ca800000|  0%| F|  |TAMS 0x00000000ca700000| PB 0x00000000ca700000| Untracked 
| 116|0x00000000ca800000, 0x00000000ca800000, 0x00000000ca900000|  0%| F|  |TAMS 0x00000000ca800000| PB 0x00000000ca800000| Untracked 
| 117|0x00000000ca900000, 0x00000000ca900000, 0x00000000caa00000|  0%| F|  |TAMS 0x00000000ca900000| PB 0x00000000ca900000| Untracked 
| 118|0x00000000caa00000, 0x00000000caa00000, 0x00000000cab00000|  0%| F|  |TAMS 0x00000000caa00000| PB 0x00000000caa00000| Untracked 
| 119|0x00000000cab00000, 0x00000000cab00000, 0x00000000cac00000|  0%| F|  |TAMS 0x00000000cab00000| PB 0x00000000cab00000| Untracked 
| 120|0x00000000cac00000, 0x00000000cac00000, 0x00000000cad00000|  0%| F|  |TAMS 0x00000000cac00000| PB 0x00000000cac00000| Untracked 
| 121|0x00000000cad00000, 0x00000000cad00000, 0x00000000cae00000|  0%| F|  |TAMS 0x00000000cad00000| PB 0x00000000cad00000| Untracked 
| 122|0x00000000cae00000, 0x00000000cae00000, 0x00000000caf00000|  0%| F|  |TAMS 0x00000000cae00000| PB 0x00000000cae00000| Untracked 
| 123|0x00000000caf00000, 0x00000000caf42248, 0x00000000cb000000| 25%| S|CS|TAMS 0x00000000caf00000| PB 0x00000000caf00000| Complete 
| 124|0x00000000cb000000, 0x00000000cb000000, 0x00000000cb100000|  0%| F|  |TAMS 0x00000000cb000000| PB 0x00000000cb000000| Untracked 
| 125|0x00000000cb100000, 0x00000000cb100000, 0x00000000cb200000|  0%| F|  |TAMS 0x00000000cb100000| PB 0x00000000cb100000| Untracked 
| 126|0x00000000cb200000, 0x00000000cb200000, 0x00000000cb300000|  0%| F|  |TAMS 0x00000000cb200000| PB 0x00000000cb200000| Untracked 
| 127|0x00000000cb300000, 0x00000000cb300000, 0x00000000cb400000|  0%| F|  |TAMS 0x00000000cb300000| PB 0x00000000cb300000| Untracked 
| 128|0x00000000cb400000, 0x00000000cb400000, 0x00000000cb500000|  0%| F|  |TAMS 0x00000000cb400000| PB 0x00000000cb400000| Untracked 
| 129|0x00000000cb500000, 0x00000000cb500000, 0x00000000cb600000|  0%| F|  |TAMS 0x00000000cb500000| PB 0x00000000cb500000| Untracked 
| 130|0x00000000cb600000, 0x00000000cb600000, 0x00000000cb700000|  0%| F|  |TAMS 0x00000000cb600000| PB 0x00000000cb600000| Untracked 
| 131|0x00000000cb700000, 0x00000000cb700000, 0x00000000cb800000|  0%| F|  |TAMS 0x00000000cb700000| PB 0x00000000cb700000| Untracked 
| 132|0x00000000cb800000, 0x00000000cb800000, 0x00000000cb900000|  0%| F|  |TAMS 0x00000000cb800000| PB 0x00000000cb800000| Untracked 
| 133|0x00000000cb900000, 0x00000000cb900000, 0x00000000cba00000|  0%| F|  |TAMS 0x00000000cb900000| PB 0x00000000cb900000| Untracked 
| 134|0x00000000cba00000, 0x00000000cba00000, 0x00000000cbb00000|  0%| F|  |TAMS 0x00000000cba00000| PB 0x00000000cba00000| Untracked 
| 135|0x00000000cbb00000, 0x00000000cbb00000, 0x00000000cbc00000|  0%| F|  |TAMS 0x00000000cbb00000| PB 0x00000000cbb00000| Untracked 
| 136|0x00000000cbc00000, 0x00000000cbc00000, 0x00000000cbd00000|  0%| F|  |TAMS 0x00000000cbc00000| PB 0x00000000cbc00000| Untracked 
| 137|0x00000000cbd00000, 0x00000000cbd00000, 0x00000000cbe00000|  0%| F|  |TAMS 0x00000000cbd00000| PB 0x00000000cbd00000| Untracked 
| 138|0x00000000cbe00000, 0x00000000cbe00000, 0x00000000cbf00000|  0%| F|  |TAMS 0x00000000cbe00000| PB 0x00000000cbe00000| Untracked 
| 139|0x00000000cbf00000, 0x00000000cbf00000, 0x00000000cc000000|  0%| F|  |TAMS 0x00000000cbf00000| PB 0x00000000cbf00000| Untracked 

Card table byte_map: [0x000002318f820000,0x000002318fa10000] _byte_map_base: 0x000002318f206000

Marking Bits: (CMBitMap*) 0x00000231f6698990
 Bits: [0x000002318fa10000, 0x0000023190940000)

Polling page: 0x00000231f6400000

Metaspace:

Usage:
  Non-class:     83.69 MB used.
      Class:     12.44 MB used.
       Both:     96.13 MB used.

Virtual space:
  Non-class space:      128.00 MB reserved,      84.12 MB ( 66%) committed,  2 nodes.
      Class space:        1.00 GB reserved,      12.88 MB (  1%) committed,  1 nodes.
             Both:        1.12 GB reserved,      97.00 MB (  8%) committed. 

Chunk freelists:
   Non-Class:  12.03 MB
       Class:  3.35 MB
        Both:  15.39 MB

MaxMetaspaceSize: unlimited
CompressedClassSpaceSize: 1.00 GB
Initial GC threshold: 21.00 MB
Current GC threshold: 161.69 MB
CDS: on
 - commit_granule_bytes: 65536.
 - commit_granule_words: 8192.
 - virtual_space_node_default_size: 8388608.
 - enlarge_chunks_in_place: 1.
 - use_allocation_guard: 0.


Internal statistics:

num_allocs_failed_limit: 9.
num_arena_births: 1380.
num_arena_deaths: 564.
num_vsnodes_births: 3.
num_vsnodes_deaths: 0.
num_space_committed: 1552.
num_space_uncommitted: 0.
num_chunks_returned_to_freelist: 653.
num_chunks_taken_from_freelist: 4956.
num_chunk_merges: 159.
num_chunk_splits: 3516.
num_chunks_enlarged: 2805.
num_inconsistent_stats: 0.

CodeHeap 'non-profiled nmethods': size=120000Kb used=3572Kb max_used=5053Kb free=116427Kb
 bounds [0x0000023187ad0000, 0x0000023187fe0000, 0x000002318f000000]
CodeHeap 'profiled nmethods': size=120000Kb used=4568Kb max_used=14840Kb free=115431Kb
 bounds [0x0000023180000000, 0x0000023180e80000, 0x0000023187530000]
CodeHeap 'non-nmethods': size=5760Kb used=2131Kb max_used=2212Kb free=3628Kb
 bounds [0x0000023187530000, 0x00000231877a0000, 0x0000023187ad0000]
 total_blobs=3971 nmethods=3106 adapters=768
 compilation: enabled
              stopped_count=0, restarted_count=0
 full_count=0

Compilation events (20 events):
Event: 12458.596 Thread 0x0000023192ee6120 12722       3       java.util.stream.Nodes$ArrayNode::asArray (25 bytes)
Event: 12458.680 Thread 0x0000023192ee6120 nmethod 12722 0x0000023180452a90 code [0x0000023180452c40, 0x0000023180452e50]
Event: 12499.979 Thread 0x0000023192ee6120 12723       3       com.zaxxer.hikari.pool.HikariPool::logPoolState (120 bytes)
Event: 12503.504 Thread 0x0000023192ee6120 nmethod 12723 0x0000023180adfb10 code [0x0000023180adfee0, 0x0000023180ae2318]
Event: 12541.428 Thread 0x0000023192ee6120 12724       3       com.mysql.cj.protocol.ExportControlled::isSSLEstablished (18 bytes)
Event: 12541.669 Thread 0x0000023192ee6120 nmethod 12724 0x0000023180e62090 code [0x0000023180e62240, 0x0000023180e623f8]
Event: 12544.411 Thread 0x0000023192ed7680 12725       4       org.apache.kafka.clients.consumer.internals.AbstractCoordinator$MemberState::hasNotJoinedGroup (26 bytes)
Event: 12546.163 Thread 0x0000023192ed7680 nmethod 12725 0x0000023187d15c90 code [0x0000023187d15e00, 0x0000023187d15eb0]
Event: 12568.767 Thread 0x0000023192ed7680 12726       4       sun.nio.ch.SelectorImpl::select (35 bytes)
Event: 12569.069 Thread 0x0000023192ed7680 nmethod 12726 0x0000023187d8de90 code [0x0000023187d8e020, 0x0000023187d8e130]
Event: 12580.696 Thread 0x0000023192ed7680 12727       4       org.apache.kafka.clients.InFlightRequests::hasExpiredRequest (64 bytes)
Event: 12581.653 Thread 0x0000023192ed7680 nmethod 12727 0x0000023187d8d610 code [0x0000023187d8d7c0, 0x0000023187d8db88]
Event: 12584.201 Thread 0x0000023192ed7680 12728       4       org.apache.kafka.clients.FetchSessionHandler::findMissing (57 bytes)
Event: 12587.669 Thread 0x0000023192ed7680 nmethod 12728 0x0000023187d8b810 code [0x0000023187d8bb20, 0x0000023187d8cda0]
Event: 12617.241 Thread 0x0000023192ed7680 12729       4       org.apache.kafka.clients.consumer.ConsumerRecords::count (50 bytes)
Event: 12622.961 Thread 0x0000023192ed7680 nmethod 12729 0x0000023187d8b490 code [0x0000023187d8b620, 0x0000023187d8b6e8]
Event: 12664.273 Thread 0x0000023192ed7680 12730       4       java.nio.ByteBuffer::put (124 bytes)
Event: 12668.468 Thread 0x0000023192ed7680 nmethod 12730 0x0000023187d01690 code [0x0000023187d018a0, 0x0000023187d02000]
Event: 12732.314 Thread 0x0000023192ed7680 12731       4       java.lang.StringCoding::countPositives (33 bytes)
Event: 12735.672 Thread 0x0000023192ed7680 nmethod 12731 0x0000023187d8b090 code [0x0000023187d8b200, 0x0000023187d8b380]

GC Heap History (20 events):
Event: 7270.827 GC heap after
{Heap after GC invocations=98 (full 0):
 garbage-first heap   total 133120K, used 38050K [0x00000000c3400000, 0x0000000100000000)
  region size 1024K, 1 young (1024K), 1 survivors (1024K)
 Metaspace       used 98386K, committed 99328K, reserved 1179648K
  class space    used 12738K, committed 13184K, reserved 1048576K
}
Event: 7404.726 GC heap before
{Heap before GC invocations=99 (full 0):
 garbage-first heap   total 133120K, used 43170K [0x00000000c3400000, 0x0000000100000000)
  region size 1024K, 6 young (6144K), 1 survivors (1024K)
 Metaspace       used 98372K, committed 99328K, reserved 1179648K
  class space    used 12732K, committed 13184K, reserved 1048576K
}
Event: 7404.736 GC heap after
{Heap after GC invocations=100 (full 0):
 garbage-first heap   total 133120K, used 38038K [0x00000000c3400000, 0x0000000100000000)
  region size 1024K, 1 young (1024K), 1 survivors (1024K)
 Metaspace       used 98372K, committed 99328K, reserved 1179648K
  class space    used 12732K, committed 13184K, reserved 1048576K
}
Event: 7542.755 GC heap before
{Heap before GC invocations=100 (full 0):
 garbage-first heap   total 133120K, used 43158K [0x00000000c3400000, 0x0000000100000000)
  region size 1024K, 6 young (6144K), 1 survivors (1024K)
 Metaspace       used 98372K, committed 99328K, reserved 1179648K
  class space    used 12732K, committed 13184K, reserved 1048576K
}
Event: 7543.398 GC heap after
{Heap after GC invocations=101 (full 0):
 garbage-first heap   total 133120K, used 37643K [0x00000000c3400000, 0x0000000100000000)
  region size 1024K, 1 young (1024K), 1 survivors (1024K)
 Metaspace       used 98372K, committed 99328K, reserved 1179648K
  class space    used 12732K, committed 13184K, reserved 1048576K
}
Event: 7683.472 GC heap before
{Heap before GC invocations=101 (full 0):
 garbage-first heap   total 133120K, used 42763K [0x00000000c3400000, 0x0000000100000000)
  region size 1024K, 6 young (6144K), 1 survivors (1024K)
 Metaspace       used 98376K, committed 99328K, reserved 1179648K
  class space    used 12732K, committed 13184K, reserved 1048576K
}
Event: 7683.557 GC heap after
{Heap after GC invocations=102 (full 0):
 garbage-first heap   total 133120K, used 37583K [0x00000000c3400000, 0x0000000100000000)
  region size 1024K, 1 young (1024K), 1 survivors (1024K)
 Metaspace       used 98376K, committed 99328K, reserved 1179648K
  class space    used 12732K, committed 13184K, reserved 1048576K
}
Event: 7816.497 GC heap before
{Heap before GC invocations=102 (full 0):
 garbage-first heap   total 133120K, used 42703K [0x00000000c3400000, 0x0000000100000000)
  region size 1024K, 6 young (6144K), 1 survivors (1024K)
 Metaspace       used 98376K, committed 99328K, reserved 1179648K
  class space    used 12732K, committed 13184K, reserved 1048576K
}
Event: 7816.538 GC heap after
{Heap after GC invocations=103 (full 0):
 garbage-first heap   total 133120K, used 37583K [0x00000000c3400000, 0x0000000100000000)
  region size 1024K, 1 young (1024K), 1 survivors (1024K)
 Metaspace       used 98376K, committed 99328K, reserved 1179648K
  class space    used 12732K, committed 13184K, reserved 1048576K
}
Event: 12174.024 GC heap before
{Heap before GC invocations=104 (full 0):
 garbage-first heap   total 133120K, used 42703K [0x00000000c3400000, 0x0000000100000000)
  region size 1024K, 6 young (6144K), 1 survivors (1024K)
 Metaspace       used 98392K, committed 99328K, reserved 1179648K
  class space    used 12733K, committed 13184K, reserved 1048576K
}
Event: 12177.322 GC heap after
{Heap after GC invocations=105 (full 0):
 garbage-first heap   total 133120K, used 37664K [0x00000000c3400000, 0x0000000100000000)
  region size 1024K, 1 young (1024K), 1 survivors (1024K)
 Metaspace       used 98392K, committed 99328K, reserved 1179648K
  class space    used 12733K, committed 13184K, reserved 1048576K
}
Event: 12312.516 GC heap before
{Heap before GC invocations=105 (full 0):
 garbage-first heap   total 133120K, used 42784K [0x00000000c3400000, 0x0000000100000000)
  region size 1024K, 6 young (6144K), 1 survivors (1024K)
 Metaspace       used 98404K, committed 99328K, reserved 1179648K
  class space    used 12734K, committed 13184K, reserved 1048576K
}
Event: 12348.409 GC heap after
{Heap after GC invocations=106 (full 0):
 garbage-first heap   total 133120K, used 37672K [0x00000000c3400000, 0x0000000100000000)
  region size 1024K, 1 young (1024K), 1 survivors (1024K)
 Metaspace       used 98404K, committed 99328K, reserved 1179648K
  class space    used 12734K, committed 13184K, reserved 1048576K
}
Event: 12437.135 GC heap before
{Heap before GC invocations=106 (full 0):
 garbage-first heap   total 133120K, used 41768K [0x00000000c3400000, 0x0000000100000000)
  region size 1024K, 6 young (6144K), 1 survivors (1024K)
 Metaspace       used 98427K, committed 99328K, reserved 1179648K
  class space    used 12734K, committed 13184K, reserved 1048576K
}
Event: 12439.877 GC heap after
{Heap after GC invocations=107 (full 0):
 garbage-first heap   total 133120K, used 37845K [0x00000000c3400000, 0x0000000100000000)
  region size 1024K, 1 young (1024K), 1 survivors (1024K)
 Metaspace       used 98427K, committed 99328K, reserved 1179648K
  class space    used 12734K, committed 13184K, reserved 1048576K
}
Event: 12530.500 GC heap before
{Heap before GC invocations=107 (full 0):
 garbage-first heap   total 133120K, used 42965K [0x00000000c3400000, 0x0000000100000000)
  region size 1024K, 6 young (6144K), 1 survivors (1024K)
 Metaspace       used 98436K, committed 99328K, reserved 1179648K
  class space    used 12734K, committed 13184K, reserved 1048576K
}
Event: 12531.825 GC heap after
{Heap after GC invocations=108 (full 0):
 garbage-first heap   total 133120K, used 38128K [0x00000000c3400000, 0x0000000100000000)
  region size 1024K, 1 young (1024K), 1 survivors (1024K)
 Metaspace       used 98436K, committed 99328K, reserved 1179648K
  class space    used 12734K, committed 13184K, reserved 1048576K
}
Event: 12658.170 GC heap before
{Heap before GC invocations=109 (full 0):
 garbage-first heap   total 133120K, used 43248K [0x00000000c3400000, 0x0000000100000000)
  region size 1024K, 6 young (6144K), 1 survivors (1024K)
 Metaspace       used 98436K, committed 99328K, reserved 1179648K
  class space    used 12734K, committed 13184K, reserved 1048576K
}
Event: 12663.855 GC heap after
{Heap after GC invocations=110 (full 0):
 garbage-first heap   total 133120K, used 38167K [0x00000000c3400000, 0x0000000100000000)
  region size 1024K, 1 young (1024K), 1 survivors (1024K)
 Metaspace       used 98436K, committed 99328K, reserved 1179648K
  class space    used 12734K, committed 13184K, reserved 1048576K
}
Event: 12791.333 GC heap before
{Heap before GC invocations=110 (full 0):
 garbage-first heap   total 133120K, used 43287K [0x00000000c3400000, 0x0000000100000000)
  region size 1024K, 6 young (6144K), 1 survivors (1024K)
 Metaspace       used 98436K, committed 99328K, reserved 1179648K
  class space    used 12734K, committed 13184K, reserved 1048576K
}

Dll operation events (13 events):
Event: 0.173 Loaded shared library C:\Program Files\Java\jdk-21\bin\java.dll
Event: 0.213 Loaded shared library C:\Program Files\Java\jdk-21\bin\jsvml.dll
Event: 2.380 Loaded shared library C:\Program Files\Java\jdk-21\bin\zip.dll
Event: 2.394 Loaded shared library C:\Program Files\Java\jdk-21\bin\instrument.dll
Event: 2.403 Loaded shared library C:\Program Files\Java\jdk-21\bin\net.dll
Event: 2.406 Loaded shared library C:\Program Files\Java\jdk-21\bin\nio.dll
Event: 2.413 Loaded shared library C:\Program Files\Java\jdk-21\bin\zip.dll
Event: 3.049 Loaded shared library C:\Program Files\Java\jdk-21\bin\extnet.dll
Event: 3.110 Loaded shared library C:\Program Files\Java\jdk-21\bin\jimage.dll
Event: 10.138 Loaded shared library C:\Program Files\Java\jdk-21\bin\sunmscapi.dll
Event: 15.216 Loaded shared library C:\Program Files\Java\jdk-21\bin\management.dll
Event: 15.218 Loaded shared library C:\Program Files\Java\jdk-21\bin\management_ext.dll
Event: 17.742 Loaded shared library C:\Program Files\Java\jdk-21\bin\verify.dll

Deoptimization events (20 events):
Event: 12147.171 Thread 0x00000231d8caacb0 DEOPT PACKING pc=0x0000023187f33aa4 sp=0x0000005602bff150
Event: 12147.203 Thread 0x00000231d8caacb0 DEOPT UNPACKING pc=0x0000023187587da2 sp=0x0000005602bff098 mode 2
Event: 12172.838 Thread 0x00000231d8cab9d0 Uncommon trap: trap_request=0xffffffbe fr.pc=0x0000023187dc76a4 relative=0x00000000000006c4
Event: 12172.863 Thread 0x00000231d8cab9d0 Uncommon trap: reason=profile_predicate action=maybe_recompile pc=0x0000023187dc76a4 method=java.util.TreeMap.getEntryUsingComparator(Ljava/lang/Object;)Ljava/util/TreeMap$Entry; @ 19 c2
Event: 12172.863 Thread 0x00000231d8cab9d0 DEOPT PACKING pc=0x0000023187dc76a4 sp=0x0000005602afece0
Event: 12172.887 Thread 0x00000231d8cab9d0 DEOPT UNPACKING pc=0x0000023187587da2 sp=0x0000005602afec00 mode 2
Event: 12173.660 Thread 0x00000231d8cab9d0 DEOPT PACKING pc=0x0000023180d19b3f sp=0x0000005602afe920
Event: 12173.677 Thread 0x00000231d8cab9d0 DEOPT UNPACKING pc=0x00000231875888e2 sp=0x0000005602afdde8 mode 0
Event: 12185.396 Thread 0x00000231d8cab9d0 Uncommon trap: trap_request=0xffffff45 fr.pc=0x0000023187d92064 relative=0x00000000000000c4
Event: 12185.396 Thread 0x00000231d8cab9d0 Uncommon trap: reason=unstable_if action=reinterpret pc=0x0000023187d92064 method=org.apache.kafka.common.utils.Timer.reset(J)V @ 56 c2
Event: 12185.428 Thread 0x00000231d8cab9d0 DEOPT PACKING pc=0x0000023187d92064 sp=0x0000005602afeaa0
Event: 12185.428 Thread 0x00000231d8cab9d0 DEOPT UNPACKING pc=0x0000023187587da2 sp=0x0000005602afea28 mode 2
Event: 12185.723 Thread 0x00000231d8cab9d0 Uncommon trap: trap_request=0xffffffc6 fr.pc=0x0000023187bae6b4 relative=0x0000000000000374
Event: 12185.758 Thread 0x00000231d8cab9d0 Uncommon trap: reason=bimorphic_or_optimized_type_check action=maybe_recompile pc=0x0000023187bae6b4 method=java.util.HashMap$EntrySpliterator.forEachRemaining(Ljava/util/function/Consumer;)V @ 142 c2
Event: 12185.758 Thread 0x00000231d8cab9d0 DEOPT PACKING pc=0x0000023187bae6b4 sp=0x0000005602afe9b0
Event: 12185.758 Thread 0x00000231d8cab9d0 DEOPT UNPACKING pc=0x0000023187587da2 sp=0x0000005602afe958 mode 2
Event: 12376.154 Thread 0x0000023192ec7db0 Uncommon trap: trap_request=0xffffff45 fr.pc=0x0000023187ae3718 relative=0x0000000000000178
Event: 12377.062 Thread 0x0000023192ec7db0 Uncommon trap: reason=unstable_if action=reinterpret pc=0x0000023187ae3718 method=java.lang.StringCoding.countPositives([BII)I @ 17 c2
Event: 12377.551 Thread 0x0000023192ec7db0 DEOPT PACKING pc=0x0000023187ae3718 sp=0x00000056017fec60
Event: 12377.900 Thread 0x0000023192ec7db0 DEOPT UNPACKING pc=0x0000023187587da2 sp=0x00000056017febe8 mode 2

Classes loaded (20 events):
Event: 6879.572 Loading class java/net/BindException
Event: 6880.434 Loading class java/net/BindException done
Event: 6882.087 Loading class sun/util/resources/LocaleData$CommonResourceBundleProvider
Event: 6882.223 Loading class sun/util/resources/LocaleData$LocaleDataResourceBundleProvider
Event: 6882.722 Loading class java/util/spi/ResourceBundleProvider
Event: 6882.848 Loading class java/util/spi/ResourceBundleProvider done
Event: 6882.848 Loading class sun/util/resources/LocaleData$LocaleDataResourceBundleProvider done
Event: 6882.872 Loading class sun/util/resources/LocaleData$CommonResourceBundleProvider done
Event: 6883.820 Loading class java/util/ArrayList$SubList$1
Event: 6884.348 Loading class java/util/ArrayList$SubList$1 done
Event: 6884.903 Loading class sun/util/resources/Bundles$2
Event: 6885.960 Loading class sun/util/resources/Bundles$2 done
Event: 6895.814 Loading class java/text/FieldPosition$Delegate
Event: 6896.488 Loading class java/text/FieldPosition$Delegate done
Event: 6920.142 Loading class jdk/internal/loader/BootLoader$PackageHelper
Event: 6921.039 Loading class jdk/internal/loader/BootLoader$PackageHelper done
Event: 12166.067 Loading class javax/crypto/AEADBadTagException
Event: 12168.281 Loading class javax/crypto/AEADBadTagException done
Event: 12168.577 Loading class javax/net/ssl/SSLHandshakeException
Event: 12170.027 Loading class javax/net/ssl/SSLHandshakeException done

Classes unloaded (20 events):
Event: 1346.342 Thread 0x00000231f671e120 Unloading class 0x0000023194399400 'java/lang/invoke/LambdaForm$MH+0x0000023194399400'
Event: 1346.345 Thread 0x00000231f671e120 Unloading class 0x0000023194378400 'java/lang/invoke/LambdaForm$MH+0x0000023194378400'
Event: 1346.348 Thread 0x00000231f671e120 Unloading class 0x0000023194378000 'java/lang/invoke/LambdaForm$MH+0x0000023194378000'
Event: 1346.349 Thread 0x00000231f671e120 Unloading class 0x00000231941c0000 'java/lang/invoke/LambdaForm$MH+0x00000231941c0000'
Event: 2933.058 Thread 0x00000231f671e120 Unloading class 0x00000231943f8c00 'java/lang/invoke/LambdaForm$MH+0x00000231943f8c00'
Event: 4429.385 Thread 0x00000231f671e120 Unloading class 0x00000231941c0000 'java/lang/invoke/LambdaForm$MH+0x00000231941c0000'
Event: 7282.294 Thread 0x00000231f671e120 Unloading class 0x0000023194ae2000 'java/lang/invoke/LambdaForm$MH+0x0000023194ae2000'
Event: 7282.294 Thread 0x00000231f671e120 Unloading class 0x0000023194ae3400 'java/lang/invoke/LambdaForm$MH+0x0000023194ae3400'
Event: 7282.294 Thread 0x00000231f671e120 Unloading class 0x0000023194ae3800 'java/lang/invoke/LambdaForm$MH+0x0000023194ae3800'
Event: 7282.294 Thread 0x00000231f671e120 Unloading class 0x0000023194ae4c00 'java/lang/invoke/LambdaForm$MH+0x0000023194ae4c00'
Event: 7282.294 Thread 0x00000231f671e120 Unloading class 0x0000023194ae6000 'java/lang/invoke/LambdaForm$MH+0x0000023194ae6000'
Event: 7282.294 Thread 0x00000231f671e120 Unloading class 0x0000023194c09000 'java/lang/invoke/LambdaForm$MH+0x0000023194c09000'
Event: 7282.295 Thread 0x00000231f671e120 Unloading class 0x0000023194c0bc00 'java/lang/invoke/LambdaForm$MH+0x0000023194c0bc00'
Event: 7282.295 Thread 0x00000231f671e120 Unloading class 0x0000023194c10000 'java/lang/invoke/LambdaForm$MH+0x0000023194c10000'
Event: 7282.295 Thread 0x00000231f671e120 Unloading class 0x0000023194c11800 'java/lang/invoke/LambdaForm$MH+0x0000023194c11800'
Event: 7282.295 Thread 0x00000231f671e120 Unloading class 0x0000023194c12400 'java/lang/invoke/LambdaForm$MH+0x0000023194c12400'
Event: 7282.295 Thread 0x00000231f671e120 Unloading class 0x0000023194c14800 'java/lang/invoke/LambdaForm$MH+0x0000023194c14800'
Event: 7282.295 Thread 0x00000231f671e120 Unloading class 0x0000023194c21400 'java/lang/invoke/LambdaForm$MH+0x0000023194c21400'
Event: 7282.295 Thread 0x00000231f671e120 Unloading class 0x0000023194c22000 'java/lang/invoke/LambdaForm$MH+0x0000023194c22000'
Event: 7282.296 Thread 0x00000231f671e120 Unloading class 0x0000023194c22c00 'java/lang/invoke/LambdaForm$MH+0x0000023194c22c00'

Classes redefined (0 events):
No events

Internal exceptions (20 events):
Event: 405.834 Thread 0x00000231d8ca6480 Exception <a 'java/lang/NoSuchMethodError'{0x00000000c72a4bc0}: 'java.lang.Object java.lang.invoke.DirectMethodHandle$Holder.invokeInterface(java.lang.Object, java.lang.Object, java.lang.Object, java.lang.Object, java.lang.Object)'> (0x00000000c72a4bc0) 
thrown [s\open\src\hotspot\share\interpreter\linkResolver.cpp, line 773]
Event: 1492.755 Thread 0x00000231d8caa620 Exception <a 'java/io/IOException'{0x00000000c88249c8}> (0x00000000c88249c8) 
thrown [s\open\src\hotspot\share\prims\jni.cpp, line 520]
Event: 1493.059 Thread 0x00000231d8caa620 Exception <a 'java/io/IOException'{0x00000000c8832f90}> (0x00000000c8832f90) 
thrown [s\open\src\hotspot\share\prims\jni.cpp, line 520]
Event: 3023.153 Thread 0x00000231d8ca8550 Exception <a 'java/io/IOException'{0x00000000cb14c018}> (0x00000000cb14c018) 
thrown [s\open\src\hotspot\share\prims\jni.cpp, line 520]
Event: 3023.855 Thread 0x00000231d8ca8550 Exception <a 'java/io/IOException'{0x00000000cb164a10}> (0x00000000cb164a10) 
thrown [s\open\src\hotspot\share\prims\jni.cpp, line 520]
Event: 4685.973 Thread 0x00000231d8ca8550 Exception <a 'java/io/IOException'{0x00000000cb439ed8}> (0x00000000cb439ed8) 
thrown [s\open\src\hotspot\share\prims\jni.cpp, line 520]
Event: 4686.066 Thread 0x00000231d8ca8550 Exception <a 'java/io/IOException'{0x00000000cb43ae00}> (0x00000000cb43ae00) 
thrown [s\open\src\hotspot\share\prims\jni.cpp, line 520]
Event: 4879.585 Thread 0x00000231d8ca8550 Exception <a 'java/io/IOException'{0x00000000cb156398}> (0x00000000cb156398) 
thrown [s\open\src\hotspot\share\prims\jni.cpp, line 520]
Event: 4879.749 Thread 0x00000231d8ca8550 Exception <a 'java/io/IOException'{0x00000000cb18f978}> (0x00000000cb18f978) 
thrown [s\open\src\hotspot\share\prims\jni.cpp, line 520]
Event: 5206.200 Thread 0x00000231d8cab9d0 Exception <a 'sun/net/ConnectionResetException'{0x00000000cb312c30}: Connection reset> (0x00000000cb312c30) 
thrown [s\open\src\hotspot\share\prims\jni.cpp, line 539]
Event: 5207.739 Thread 0x00000231d8cab9d0 Exception <a 'sun/net/ConnectionResetException'{0x00000000cb317728}: Connection reset> (0x00000000cb317728) 
thrown [s\open\src\hotspot\share\prims\jni.cpp, line 539]
Event: 5237.490 Thread 0x00000231d8cab9d0 Exception <a 'sun/net/ConnectionResetException'{0x00000000cb2607f8}: Connection reset> (0x00000000cb2607f8) 
thrown [s\open\src\hotspot\share\prims\jni.cpp, line 539]
Event: 5237.490 Thread 0x00000231d8cab9d0 Exception <a 'sun/net/ConnectionResetException'{0x00000000cb261520}: Connection reset> (0x00000000cb261520) 
thrown [s\open\src\hotspot\share\prims\jni.cpp, line 539]
Event: 5237.938 Thread 0x00000231d8caacb0 Exception <a 'java/net/SocketException'{0x00000000cb26e1a0}: Network is unreachable: getsockopt> (0x00000000cb26e1a0) 
thrown [s\open\src\hotspot\share\prims\jni.cpp, line 539]
Event: 5240.222 Thread 0x00000231d8caacb0 Implicit null exception at 0x0000023187e9cbbe to 0x0000023187e9cbd5
Event: 6822.083 Thread 0x00000231d8ca8550 Exception <a 'java/net/SocketException'{0x00000000cb410f78}: Connection reset by peer: shutdown> (0x00000000cb410f78) 
thrown [s\open\src\hotspot\share\prims\jni.cpp, line 539]
Event: 12162.576 Thread 0x00000231d8ca8be0 Exception <a 'java/io/IOException'{0x00000000cb18bc98}> (0x00000000cb18bc98) 
thrown [s\open\src\hotspot\share\prims\jni.cpp, line 520]
Event: 12170.676 Thread 0x00000231d8ca8be0 Exception <a 'java/io/IOException'{0x00000000cb18dcc0}> (0x00000000cb18dcc0) 
thrown [s\open\src\hotspot\share\prims\jni.cpp, line 520]
Event: 12305.212 Thread 0x00000231d8ca8be0 Exception <a 'java/io/IOException'{0x00000000cb1b4250}> (0x00000000cb1b4250) 
thrown [s\open\src\hotspot\share\prims\jni.cpp, line 520]
Event: 12307.472 Thread 0x00000231d8ca8be0 Exception <a 'java/io/IOException'{0x00000000cb1ccdd8}> (0x00000000cb1ccdd8) 
thrown [s\open\src\hotspot\share\prims\jni.cpp, line 520]

ZGC Phase Switch (0 events):
No events

VM Operations (20 events):
Event: 12468.848 Executing VM operation: HandshakeAllThreads (HandshakeForDeflation) done
Event: 12468.848 Executing VM operation: RendezvousGCThreads
Event: 12468.848 Executing VM operation: RendezvousGCThreads done
Event: 12528.901 Executing VM operation: HandshakeAllThreads (HandshakeForDeflation)
Event: 12528.905 Executing VM operation: HandshakeAllThreads (HandshakeForDeflation) done
Event: 12528.905 Executing VM operation: RendezvousGCThreads
Event: 12528.905 Executing VM operation: RendezvousGCThreads done
Event: 12530.478 Executing VM operation: G1CollectForAllocation (G1 Evacuation Pause)
Event: 12531.827 Executing VM operation: G1CollectForAllocation (G1 Evacuation Pause) done
Event: 12539.175 Executing VM operation: G1PauseRemark
Event: 12541.358 Executing VM operation: G1PauseRemark done
Event: 12541.868 Executing VM operation: G1PauseCleanup
Event: 12541.882 Executing VM operation: G1PauseCleanup done
Event: 12657.989 Executing VM operation: G1CollectForAllocation (G1 Evacuation Pause)
Event: 12663.878 Executing VM operation: G1CollectForAllocation (G1 Evacuation Pause) done
Event: 12709.163 Executing VM operation: HandshakeAllThreads (HandshakeForDeflation)
Event: 12709.256 Executing VM operation: HandshakeAllThreads (HandshakeForDeflation) done
Event: 12709.256 Executing VM operation: RendezvousGCThreads
Event: 12709.256 Executing VM operation: RendezvousGCThreads done
Event: 12791.245 Executing VM operation: G1CollectForAllocation (G1 Evacuation Pause)

Events (20 events):
Event: 7817.203 Thread 0x00000231f671e120 flushing nmethod 0x0000023180e16e90
Event: 7817.203 Thread 0x00000231f671e120 flushing nmethod 0x0000023180e49390
Event: 7817.203 Thread 0x00000231f671e120 flushing nmethod 0x0000023180e50c10
Event: 7817.203 Thread 0x00000231f671e120 flushing nmethod 0x0000023180e5a310
Event: 12122.513 Thread 0x00000231d8cac060 Thread added: 0x00000231d8cac060
Event: 12131.617 Thread 0x00000231d8ca8be0 Thread added: 0x00000231d8ca8be0
Event: 12139.828 Thread 0x00000231d8cac060 Thread exited: 0x00000231d8cac060
Event: 12450.556 Thread 0x00000231d8ca8be0 Thread exited: 0x00000231d8ca8be0
Event: 12541.037 Thread 0x00000231f671e120 flushing nmethod 0x0000023180ca8190
Event: 12541.041 Thread 0x00000231f671e120 flushing nmethod 0x0000023180e62090
Event: 12541.041 Thread 0x00000231f671e120 flushing nmethod 0x0000023180041510
Event: 12541.050 Thread 0x00000231f671e120 flushing nmethod 0x00000231804b1390
Event: 12541.054 Thread 0x00000231f671e120 flushing nmethod 0x0000023180998510
Event: 12541.058 Thread 0x00000231f671e120 flushing nmethod 0x00000231806b9e10
Event: 12541.060 Thread 0x00000231f671e120 flushing nmethod 0x0000023180d51c90
Event: 12541.078 Thread 0x00000231f671e120 flushing nmethod 0x0000023180ca4510
Event: 12541.078 Thread 0x00000231f671e120 flushing nmethod 0x0000023180d6ae90
Event: 12541.083 Thread 0x00000231f671e120 flushing nmethod 0x0000023180dfef90
Event: 12541.091 Thread 0x00000231f671e120 flushing nmethod 0x0000023180e19610
Event: 12541.094 Thread 0x00000231f671e120 flushing nmethod 0x0000023180e19d90


Dynamic libraries:
0x00007ff627d70000 - 0x00007ff627d80000 	C:\Program Files\Java\jdk-21\bin\java.exe
0x00007ffed9c20000 - 0x00007ffed9e87000 	C:\WINDOWS\SYSTEM32\ntdll.dll
0x00007ffed83b0000 - 0x00007ffed8479000 	C:\WINDOWS\System32\KERNEL32.DLL
0x00007ffed7240000 - 0x00007ffed7630000 	C:\WINDOWS\System32\KERNELBASE.dll
0x00007ffed70f0000 - 0x00007ffed723b000 	C:\WINDOWS\System32\ucrtbase.dll
0x00007ffec7210000 - 0x00007ffec722b000 	C:\Program Files\Java\jdk-21\bin\VCRUNTIME140.dll
0x00007ffec7230000 - 0x00007ffec7249000 	C:\Program Files\Java\jdk-21\bin\jli.dll
0x00007ffed8480000 - 0x00007ffed8534000 	C:\WINDOWS\System32\ADVAPI32.dll
0x00007ffed7bb0000 - 0x00007ffed7c59000 	C:\WINDOWS\System32\msvcrt.dll
0x00007ffed86e0000 - 0x00007ffed8786000 	C:\WINDOWS\System32\sechost.dll
0x00007ffed8540000 - 0x00007ffed8658000 	C:\WINDOWS\System32\RPCRT4.dll
0x00007ffed8000000 - 0x00007ffed81c5000 	C:\WINDOWS\System32\USER32.dll
0x00007ffed6d50000 - 0x00007ffed6d77000 	C:\WINDOWS\System32\win32u.dll
0x00007ffed9460000 - 0x00007ffed948b000 	C:\WINDOWS\System32\GDI32.dll
0x00007ffec7cf0000 - 0x00007ffec7f8a000 	C:\WINDOWS\WinSxS\amd64_microsoft.windows.common-controls_6595b64144ccf1df_6.0.26100.4768_none_3e0c112ce331287c\COMCTL32.dll
0x00007ffed6d80000 - 0x00007ffed6eb8000 	C:\WINDOWS\System32\gdi32full.dll
0x00007ffed7040000 - 0x00007ffed70e3000 	C:\WINDOWS\System32\msvcp_win.dll
0x00007ffed1860000 - 0x00007ffed186b000 	C:\WINDOWS\SYSTEM32\VERSION.dll
0x00007ffed8a00000 - 0x00007ffed8a2f000 	C:\WINDOWS\System32\IMM32.DLL
0x00007ffec7290000 - 0x00007ffec729c000 	C:\Program Files\Java\jdk-21\bin\vcruntime140_1.dll
0x00007ffeba860000 - 0x00007ffeba8ee000 	C:\Program Files\Java\jdk-21\bin\msvcp140.dll
0x00007ffe5cd30000 - 0x00007ffe5da48000 	C:\Program Files\Java\jdk-21\bin\server\jvm.dll
0x00007ffed8660000 - 0x00007ffed86d4000 	C:\WINDOWS\System32\WS2_32.dll
0x00007ffed6bd0000 - 0x00007ffed6c2e000 	C:\WINDOWS\SYSTEM32\POWRPROF.dll
0x00007ffeca010000 - 0x00007ffeca045000 	C:\WINDOWS\SYSTEM32\WINMM.dll
0x00007ffed6bb0000 - 0x00007ffed6bc4000 	C:\WINDOWS\SYSTEM32\UMPDC.dll
0x00007ffed5a90000 - 0x00007ffed5aab000 	C:\WINDOWS\SYSTEM32\kernel.appcore.dll
0x00007ffec71b0000 - 0x00007ffec71ba000 	C:\Program Files\Java\jdk-21\bin\jimage.dll
0x00007ffec7f90000 - 0x00007ffec81d1000 	C:\WINDOWS\SYSTEM32\DBGHELP.DLL
0x00007ffed7c70000 - 0x00007ffed7ff5000 	C:\WINDOWS\System32\combase.dll
0x00007ffed8810000 - 0x00007ffed88f0000 	C:\WINDOWS\System32\OLEAUT32.dll
0x00007ffec6280000 - 0x00007ffec62c3000 	C:\WINDOWS\SYSTEM32\dbgcore.DLL
0x00007ffed7910000 - 0x00007ffed79a9000 	C:\WINDOWS\System32\bcryptPrimitives.dll
0x00007ffec7200000 - 0x00007ffec720f000 	C:\Program Files\Java\jdk-21\bin\instrument.dll
0x00007ffebe9a0000 - 0x00007ffebe9bf000 	C:\Program Files\Java\jdk-21\bin\java.dll
0x00007ffed9490000 - 0x00007ffed9bdd000 	C:\WINDOWS\System32\SHELL32.dll
0x00007ffed6ec0000 - 0x00007ffed7033000 	C:\WINDOWS\System32\wintypes.dll
0x00007ffed4910000 - 0x00007ffed5170000 	C:\WINDOWS\SYSTEM32\windows.storage.dll
0x00007ffed82b0000 - 0x00007ffed83a5000 	C:\WINDOWS\System32\SHCORE.dll
0x00007ffed8900000 - 0x00007ffed896a000 	C:\WINDOWS\System32\shlwapi.dll
0x00007ffed6c70000 - 0x00007ffed6c99000 	C:\WINDOWS\SYSTEM32\profapi.dll
0x00007ffeb01f0000 - 0x00007ffeb02c7000 	C:\Program Files\Java\jdk-21\bin\jsvml.dll
0x00007ffeba9b0000 - 0x00007ffeba9c8000 	C:\Program Files\Java\jdk-21\bin\zip.dll
0x00007ffec59c0000 - 0x00007ffec59d0000 	C:\Program Files\Java\jdk-21\bin\net.dll
0x00007ffecf990000 - 0x00007ffecfaae000 	C:\WINDOWS\SYSTEM32\WINHTTP.dll
0x00007ffed6000000 - 0x00007ffed606b000 	C:\WINDOWS\system32\mswsock.dll
0x00007ffeba9f0000 - 0x00007ffebaa06000 	C:\Program Files\Java\jdk-21\bin\nio.dll
0x00007ffebbf60000 - 0x00007ffebbf69000 	C:\Program Files\Java\jdk-21\bin\extnet.dll
0x00007ffebea00000 - 0x00007ffebea0e000 	C:\Program Files\Java\jdk-21\bin\sunmscapi.dll
0x00007ffed7790000 - 0x00007ffed7907000 	C:\WINDOWS\System32\CRYPT32.dll
0x00007ffed6540000 - 0x00007ffed6570000 	C:\WINDOWS\SYSTEM32\ncrypt.dll
0x00007ffed64f0000 - 0x00007ffed652f000 	C:\WINDOWS\SYSTEM32\NTASN1.dll
0x00007ffed63e0000 - 0x00007ffed63fb000 	C:\WINDOWS\SYSTEM32\CRYPTSP.dll
0x00007ffed59f0000 - 0x00007ffed5a2b000 	C:\WINDOWS\system32\rsaenh.dll
0x00007ffed60a0000 - 0x00007ffed60cb000 	C:\WINDOWS\SYSTEM32\USERENV.dll
0x00007ffed6c40000 - 0x00007ffed6c66000 	C:\WINDOWS\SYSTEM32\bcrypt.dll
0x00007ffed6240000 - 0x00007ffed624c000 	C:\WINDOWS\SYSTEM32\CRYPTBASE.dll
0x00007ffed5480000 - 0x00007ffed54b3000 	C:\WINDOWS\SYSTEM32\IPHLPAPI.DLL
0x00007ffed8b80000 - 0x00007ffed8b8a000 	C:\WINDOWS\System32\NSI.dll
0x00007ffebbf10000 - 0x00007ffebbf1a000 	C:\Program Files\Java\jdk-21\bin\management.dll
0x00007ffeb0370000 - 0x00007ffeb037b000 	C:\Program Files\Java\jdk-21\bin\management_ext.dll
0x00007ffed7c60000 - 0x00007ffed7c68000 	C:\WINDOWS\System32\PSAPI.DLL
0x00007ffeada60000 - 0x00007ffeada70000 	C:\Program Files\Java\jdk-21\bin\verify.dll
0x00007ffed54c0000 - 0x00007ffed55e6000 	C:\WINDOWS\SYSTEM32\DNSAPI.dll
0x00007ffece810000 - 0x00007ffece81b000 	C:\Windows\System32\rasadhlp.dll
0x00007ffece870000 - 0x00007ffece8f6000 	C:\WINDOWS\System32\fwpuclnt.dll
0x00007ffec0a90000 - 0x00007ffec0a98000 	C:\WINDOWS\system32\wshunix.dll

dbghelp: loaded successfully - version: 4.0.5 - missing functions: none
symbol engine: initialized successfully - sym options: 0x614 - pdb path: .;C:\Program Files\Java\jdk-21\bin;C:\WINDOWS\SYSTEM32;C:\WINDOWS\WinSxS\amd64_microsoft.windows.common-controls_6595b64144ccf1df_6.0.26100.4768_none_3e0c112ce331287c;C:\Program Files\Java\jdk-21\bin\server

VM Arguments:
jvm_args: --enable-preview -javaagent:D:\CDisk\IntelliJ IDEA Community Edition 2024.2.3\lib\idea_rt.jar=57832 -Dfile.encoding=UTF-8 -Dsun.stdout.encoding=UTF-8 -Dsun.stderr.encoding=UTF-8 
java_command: farmix.com.chatApp.ChatAppApplication
java_class_path (initial): D:\Spring\chatApp\target\classes;C:\Users\ffarr\.m2\repository\org\springframework\boot\spring-boot-starter-web\3.5.4\spring-boot-starter-web-3.5.4.jar;C:\Users\ffarr\.m2\repository\org\springframework\boot\spring-boot-starter\3.5.4\spring-boot-starter-3.5.4.jar;C:\Users\ffarr\.m2\repository\org\springframework\boot\spring-boot\3.5.4\spring-boot-3.5.4.jar;C:\Users\ffarr\.m2\repository\org\springframework\boot\spring-boot-autoconfigure\3.5.4\spring-boot-autoconfigure-3.5.4.jar;C:\Users\ffarr\.m2\repository\org\springframework\boot\spring-boot-starter-logging\3.5.4\spring-boot-starter-logging-3.5.4.jar;C:\Users\ffarr\.m2\repository\org\apache\logging\log4j\log4j-to-slf4j\2.24.3\log4j-to-slf4j-2.24.3.jar;C:\Users\ffarr\.m2\repository\org\apache\logging\log4j\log4j-api\2.24.3\log4j-api-2.24.3.jar;C:\Users\ffarr\.m2\repository\org\slf4j\jul-to-slf4j\2.0.17\jul-to-slf4j-2.0.17.jar;C:\Users\ffarr\.m2\repository\jakarta\annotation\jakarta.annotation-api\2.1.1\jakarta.annotation-api-2.1.1.jar;C:\Users\ffarr\.m2\repository\org\yaml\snakeyaml\2.4\snakeyaml-2.4.jar;C:\Users\ffarr\.m2\repository\org\springframework\boot\spring-boot-starter-json\3.5.4\spring-boot-starter-json-3.5.4.jar;C:\Users\ffarr\.m2\repository\com\fasterxml\jackson\datatype\jackson-datatype-jdk8\2.19.2\jackson-datatype-jdk8-2.19.2.jar;C:\Users\ffarr\.m2\repository\com\fasterxml\jackson\module\jackson-module-parameter-names\2.19.2\jackson-module-parameter-names-2.19.2.jar;C:\Users\ffarr\.m2\repository\org\springframework\boot\spring-boot-starter-tomcat\3.5.4\spring-boot-starter-tomcat-3.5.4.jar;C:\Users\ffarr\.m2\repository\org\apache\tomcat\embed\tomcat-embed-core\10.1.43\tomcat-embed-core-10.1.43.jar;C:\Users\ffarr\.m2\repository\org\apache\tomcat\embed\tomcat-embed-el\10.1.43\tomcat-embed-el-10.1.43.jar;C:\Users\ffarr\.m2\repository\org\apache\tomcat\embed\tomcat-embed-websocket\10.1.43\tomcat-embed-websocket-10.1.43.jar;C:\Users\ffarr\.m2\repository\org\springframework\spring-web\6.2.9\spring-web-6.2.9.jar;C:\Users\ffarr\.m2\repository\org\springframework\spring-beans\6.2.9\spring-beans-6.2.9.jar;C:\Users\ffarr\.m2\repository\org\springframework\spring-webmvc\6.2.9\spring-webmvc-6.2.9.jar;C:\Users\ffarr\.m2\repository\org\springframework\spring-expression\6.2.9\spring-expression-6.2.9.jar;C:\Users\ffarr\.m2\repository\org\springframework\boot\spring-boot-starter-websocket\3.5.4\spring-boot-starter-websocket-3.5.4.jar;C:\Users\ffarr\.m2\repository\org\springframework\spring-messaging\6.2.9\spring-messaging-6.2.9.jar;C:\Users\ffarr\.m2\repository\org\springframework\spring-websocket\6.2.9\spring-websocket-6.2.9.jar;C:\Users\ffarr\.m2\repository\org\apache\kafka\kafka-streams\3.9.1\kafka-streams-3.9.1.jar;C:\Users\ffarr\.m2\repository\org\apache\kafka\kafka-clients\3.9.1\kafka-clients-3.9.1.jar;C:\Users\ffarr\.m2\repository\com\github\luben\zstd-jni\1.5.6-4\zstd-jni-1.5.6-4.jar;C:\Users\ffarr\.m2\repository\org\lz4\lz4-java\1.8.0\lz4-java-1.8.0.jar;C:\Users\ffarr\.m2\repository\org\xerial\snappy\snappy-java\1.1.10.5\snappy-java-1.1.10.5.jar;C:\Users\ffarr\.m2\repository\org\rocksdb\rocksdbjni\7.9.2\rocksdbjni-7.9.2.jar;C:\Users\ffarr\.m2\repository\org\slf4j\slf4j-api\2.0.17\slf4j-api-2.0.17.jar;C:\Users\ffarr\.m2\repository\com\fasterxml\jackson\core\jackson-annotations\2.19.2\jackson-annotations-2.19.2.jar;C:\Users\ffarr\.m2\repository\com\fasterxml\jackson\core\jackson-databind\2.19.2\jackson-databind-2.19.2.jar;C:\Users\ffarr\.m2\repository\org\springframework\kafka\spring-kafka\3.3.8\spring-kafka-3.3.8.jar;C:\Users\ffarr\.m2\repository\org\springframework\spring-context\6.2.9\spring-context-6.2.9.jar;C:\Users\ffarr\.m2\repository\org\springframework\spring-tx\6.2.9\spring-tx-6.2.9.jar;C:\Users\ffarr\.m2\repository\org\springframework\retry\spring-retry\2.0.12\spring-retry-2.0.12.jar;C:\Users\ffarr\.m2\repository\io\micrometer\micrometer-observation\1.15.2\micrometer-observation-1.15.2.jar;C:\Users\ffarr\.m2\repository\io\micrometer\micrometer-commons\1.15.2\micrometer-commons-1.15.2.jar;C:\Users\ffarr\.m2\repository\org\springframework\boot\spring-boot-starter-data-jpa\3.5.4\spring-boot-starter-data-jpa-3.5.4.jar;C:\Users\ffarr\.m2\repository\org\springframework\boot\spring-boot-starter-jdbc\3.5.4\spring-boot-starter-jdbc-3.5.4.jar;C:\Users\ffarr\.m2\repository\com\zaxxer\HikariCP\6.3.1\HikariCP-6.3.1.jar;C:\Users\ffarr\.m2\repository\org\springframework\spring-jdbc\6.2.9\spring-jdbc-6.2.9.jar;C:\Users\ffarr\.m2\repository\org\hibernate\orm\hibernate-core\6.6.22.Final\hibernate-core-6.6.22.Final.jar;C:\Users\ffarr\.m2\repository\jakarta\persistence\jakarta.persistence-api\3.1.0\jakarta.persistence-api-3.1.0.jar;C:\Users\ffarr\.m2\repository\jakarta\transaction\jakarta.transaction-api\2.0.1\jakarta.transaction-api-2.0.1.jar;C:\Users\ffarr\.m2\repository\org\jboss\logging\jboss-logging\3.6.1.Final\jboss-logging-3.6.1.Final.jar;C:\Users\ffarr\.m2\repository\org\hibernate\common\hibernate-commons-annotations\7.0.3.Final\hibernate-commons-annotations-7.0.3.Final.jar;C:\Users\ffarr\.m2\repository\io\smallrye\jandex\3.2.0\jandex-3.2.0.jar;C:\Users\ffarr\.m2\repository\com\fasterxml\classmate\1.7.0\classmate-1.7.0.jar;C:\Users\ffarr\.m2\repository\net\bytebuddy\byte-buddy\1.17.6\byte-buddy-1.17.6.jar;C:\Users\ffarr\.m2\repository\org\glassfish\jaxb\jaxb-runtime\4.0.5\jaxb-runtime-4.0.5.jar;C:\Users\ffarr\.m2\repository\org\glassfish\jaxb\jaxb-core\4.0.5\jaxb-core-4.0.5.jar;C:\Users\ffarr\.m2\repository\org\eclipse\angus\angus-activation\2.0.2\angus-activation-2.0.2.jar;C:\Users\ffarr\.m2\repository\org\glassfish\jaxb\txw2\4.0.5\txw2-4.0.5.jar;C:\Users\ffarr\.m2\repository\com\sun\istack\istack-commons-runtime\4.1.2\istack-commons-runtime-4.1.2.jar;C:\Users\ffarr\.m2\repository\jakarta\inject\jakarta.inject-api\2.0.1\jakarta.inject-api-2.0.1.jar;C:\Users\ffarr\.m2\repository\org\antlr\antlr4-runtime\4.13.0\antlr4-runtime-4.13.0.jar;C:\Users\ffarr\.m2\repository\org\springframework\data\spring-data-jpa\3.5.2\spring-data-jpa-3.5.2.jar;C:\Users\ffarr\.m2\repository\org\springframework\data\spring-data-commons\3.5.2\spring-data-commons-3.5.2.jar;C:\Users\ffarr\.m2\repository\org\springframework\spring-orm\6.2.9\spring-orm-6.2.9.jar;C:\Users\ffarr\.m2\repository\org\springframework\spring-aspects\6.2.9\spring-aspects-6.2.9.jar;C:\Users\ffarr\.m2\repository\org\aspectj\aspectjweaver\1.9.24\aspectjweaver-1.9.24.jar;C:\Users\ffarr\.m2\repository\org\springframework\boot\spring-boot-starter-security\3.5.4\spring-boot-starter-security-3.5.4.jar;C:\Users\ffarr\.m2\repository\org\springframework\spring-aop\6.2.9\spring-aop-6.2.9.jar;C:\Users\ffarr\.m2\repository\org\springframework\security\spring-security-config\6.5.2\spring-security-config-6.5.2.jar;C:\Users\ffarr\.m2\repository\org\springframework\security\spring-security-core\6.5.2\spring-security-core-6.5.2.jar;C:\Users\ffarr\.m2\repository\org\springframework\security\spring-security-crypto\6.5.2\spring-security-crypto-6.5.2.jar;C:\Users\ffarr\.m2\repository\org\springframework\security\spring-security-web\6.5.2\spring-security-web-6.5.2.jar;C:\Users\ffarr\.m2\repository\io\jsonwebtoken\jjwt-api\0.11.5\jjwt-api-0.11.5.jar;C:\Users\ffarr\.m2\repository\io\jsonwebtoken\jjwt-impl\0.11.5\jjwt-impl-0.11.5.jar;C:\Users\ffarr\.m2\repository\io\jsonwebtoken\jjwt-jackson\0.11.5\jjwt-jackson-0.11.5.jar;C:\Users\ffarr\.m2\repository\com\mysql\mysql-connector-j\9.3.0\mysql-connector-j-9.3.0.jar;C:\Users\ffarr\.m2\repository\com\fasterxml\jackson\datatype\jackson-datatype-jsr310\2.19.2\jackson-datatype-jsr310-2.19.2.jar;C:\Users\ffarr\.m2\repository\com\fasterxml\jackson\core\jackson-core\2.19.2\jackson-core-2.19.2.jar;C:\Users\ffarr\.m2\repository\org\projectlombok\lombok\1.18.38\lombok-1.18.38.jar;C:\Users\ffarr\.m2\repository\jakarta\xml\bind\jakarta.xml.bind-api\4.0.2\jakarta.xml.bind-api-4.0.2.jar;C:\Users\ffarr\.m2\repository\jakarta\activation\jakarta.activation-api\2.1.3\jakarta.activation-api-2.1.3.jar;C:\Users\ffarr\.m2\repository\org\springframework\spring-core\6.2.9\spring-core-6.2.9.jar;C:\Users\ffarr\.m2\repository\org\springframework\spring-jcl\6.2.9\spring-jcl-6.2.9.jar;C:\Users\ffarr\.m2\repository\ch\qos\logback\logback-core\1.5.18\logback-core-1.5.18.jar;C:\Users\ffarr\.m2\repository\ch\qos\logback\logback-classic\1.5.18\logback-classic-1.5.18.jar
Launcher Type: SUN_STANDARD

[Global flags]
     intx CICompilerCount                          = 3                                         {product} {ergonomic}
     uint ConcGCThreads                            = 1                                         {product} {ergonomic}
     uint G1ConcRefinementThreads                  = 4                                         {product} {ergonomic}
   size_t G1HeapRegionSize                         = 1048576                                   {product} {ergonomic}
    uintx GCDrainStackTargetSize                   = 64                                        {product} {ergonomic}
   size_t InitialHeapSize                          = 65011712                                  {product} {ergonomic}
   size_t MarkStackSize                            = 4194304                                   {product} {ergonomic}
   size_t MaxHeapSize                              = 1019215872                                {product} {ergonomic}
   size_t MaxNewSize                               = 611319808                                 {product} {ergonomic}
   size_t MinHeapDeltaBytes                        = 1048576                                   {product} {ergonomic}
   size_t MinHeapSize                              = 8388608                                   {product} {ergonomic}
    uintx NonNMethodCodeHeapSize                   = 5832780                                {pd product} {ergonomic}
    uintx NonProfiledCodeHeapSize                  = 122912730                              {pd product} {ergonomic}
    uintx ProfiledCodeHeapSize                     = 122912730                              {pd product} {ergonomic}
    uintx ReservedCodeCacheSize                    = 251658240                              {pd product} {ergonomic}
     bool SegmentedCodeCache                       = true                                      {product} {ergonomic}
   size_t SoftMaxHeapSize                          = 1019215872                             {manageable} {ergonomic}
     bool UseCompressedOops                        = true                           {product lp64_product} {ergonomic}
     bool UseG1GC                                  = true                                      {product} {ergonomic}
     bool UseLargePagesIndividualAllocation        = false                                  {pd product} {ergonomic}

Logging:
Log output configuration:
 #0: stdout all=warning uptime,level,tags foldmultilines=false
 #1: stderr all=off uptime,level,tags foldmultilines=false

Environment Variables:
JAVA_HOME=C:\Program Files\Java\jdk-21
PATH=C:\Program Files\Common Files\Oracle\Java\javapath;C:\WINDOWS\system32;C:\WINDOWS;C:\WINDOWS\System32\Wbem;C:\WINDOWS\System32\WindowsPowerShell\v1.0\;C:\WINDOWS\System32\OpenSSH\;C:\Program Files\Microsoft SQL Server\Client SDK\ODBC\170\Tools\Binn\;C:\Intel\kafka_2.12-3.9.0\bin;C:\Program Files\Java\jdk-21\bin;C:\MinGW\bin;C:\Users\apache-maven-3.9.9\bin;C:\Program Files\Git\cmd;C:\msys64\mingw64\bin;C:\msys64\ucrt64\bin;C:\Program Files\Docker\Docker\resources\bin;D:\DARS\2024-2025\Spring\Image Proccessing\CMake\bin;C:\Program Files\php-8.4.7;D:\CDisk\apache-maven-3.9.11\bin;C:\Program Files\nodejs\;C:\Users\ffarr\AppData\Local\Microsoft\WindowsApps;D:\CDisk\Microsoft VS Code\bin;D:\CDisk\IntelliJ IDEA Community Edition 2024.2.3\bin;;D:\CDisk\WebStorm\bin;;C:\Users\ffarr\AppData\Roaming\npm;
USERNAME=ffarr
OS=Windows_NT
PROCESSOR_IDENTIFIER=Intel64 Family 6 Model 126 Stepping 5, GenuineIntel
TMP=C:\Users\ffarr\AppData\Local\Temp
TEMP=C:\Users\ffarr\AppData\Local\Temp




Periodic native trim disabled

---------------  S Y S T E M  ---------------

OS:
 Windows 11 , 64 bit Build 26100 (10.0.26100.4768)
OS uptime: 0 days 15:59 hours
Hyper-V role detected

CPU: total 4 (initial active 4) (2 cores per cpu, 2 threads per core) family 6 model 126 stepping 5 microcode 0xa6, cx8, cmov, fxsr, ht, mmx, 3dnowpref, sse, sse2, sse3, ssse3, sse4.1, sse4.2, popcnt, lzcnt, tsc, tscinvbit, avx, avx2, aes, erms, clmul, bmi1, bmi2, adx, avx512f, avx512dq, avx512cd, avx512bw, avx512vl, sha, fma, vzeroupper, avx512_vpopcntdq, avx512_vpclmulqdq, avx512_vaes, avx512_vnni, clflush, clflushopt, avx512_vbmi2, avx512_vbmi, hv, rdtscp, rdpid, fsrm, gfni, avx512_bitalg, f16c, avx512_ifma
Processor Information for all 4 processors :
  Max Mhz: 1190, Current Mhz: 1190, Mhz Limit: 1190

Memory: 4k page, system-wide physical 3885M (276M free)
TotalPageFile size 15661M (AvailPageFile size 15M)
current process WorkingSet (physical memory assigned to process): 28M, peak: 281M
current process commit charge ("private bytes"): 401M, peak: 486M

vm_info: Java HotSpot(TM) 64-Bit Server VM (21.0.5+9-LTS-239) for windows-amd64 JRE (21.0.5+9-LTS-239), built on 2024-09-30T05:17:38Z by "mach5one" with MS VC++ 17.6 (VS2022)

END.
